<?xml version="1.0" encoding="UTF-8"?>
<testng-results skipped="0" failed="0" ignored="0" total="5" passed="5">
  <reporter-output>
  </reporter-output>
  <suite name="Default suite" duration-ms="41291" started-at="2020-03-23T20:13:33 EDT" finished-at="2020-03-23T20:14:15 EDT">
    <groups>
    </groups>
    <test name="Default test" duration-ms="41291" started-at="2020-03-23T20:13:33 EDT" finished-at="2020-03-23T20:14:15 EDT">
      <class name="SeleniumPractice_Assignments.Assignment4">
        <test-method status="PASS" signature="Browsersetup()[pri:1, instance:SeleniumPractice_Assignments.Assignment4@9660f4e]" name="Browsersetup" duration-ms="12941" started-at="2020-03-23T20:13:33 EDT" finished-at="2020-03-23T20:13:46 EDT">
          <reporter-output>
          </reporter-output>
        </test-method> <!-- Browsersetup -->
        <test-method status="PASS" signature="LoginFunctionality()[pri:2, instance:SeleniumPractice_Assignments.Assignment4@9660f4e]" name="LoginFunctionality" duration-ms="3043" started-at="2020-03-23T20:13:46 EDT" finished-at="2020-03-23T20:13:49 EDT">
          <reporter-output>
          </reporter-output>
        </test-method> <!-- LoginFunctionality -->
        <test-method status="PASS" signature="DashboardList()[pri:3, instance:SeleniumPractice_Assignments.Assignment4@9660f4e]" name="DashboardList" duration-ms="401" started-at="2020-03-23T20:13:49 EDT" finished-at="2020-03-23T20:13:50 EDT">
          <reporter-output>
          </reporter-output>
        </test-method> <!-- DashboardList -->
        <test-method status="PASS" signature="Addtask()[pri:4, instance:SeleniumPractice_Assignments.Assignment4@9660f4e]" name="Addtask" duration-ms="24681" started-at="2020-03-23T20:13:50 EDT" finished-at="2020-03-23T20:14:14 EDT">
          <reporter-output>
          </reporter-output>
        </test-method> <!-- Addtask -->
        <test-method status="PASS" signature="BrowserClose()[pri:5, instance:SeleniumPractice_Assignments.Assignment4@9660f4e]" name="BrowserClose" duration-ms="118" started-at="2020-03-23T20:14:14 EDT" finished-at="2020-03-23T20:14:15 EDT">
          <reporter-output>
          </reporter-output>
        </test-method> <!-- BrowserClose -->
      </class> <!-- SeleniumPractice_Assignments.Assignment4 -->
    </test> <!-- Default test -->
  </suite> <!-- Default suite -->
</testng-results>
